Arguments: 
  /usr/local/bin/node /usr/local/Cellar/yarn/1.1.0/libexec/bin/yarn.js

PATH: 
  /usr/local/bin:/usr/bin:/bin:/usr/sbin:/sbin:/opt/X11/bin

Yarn version: 
  1.1.0

Node version: 
  8.4.0

Platform: 
  darwin x64

npm manifest: 
  {
    "name": "frontend-base",
    "version": "1.0.0",
    "description": "Cbot sample for cryptocurrency",
    "main": "index.js",
    "scripts": {
      "start": "babel-node index",
      "clean": "rimraf build",
      "prettify": "prettier --write '**/*.{js,json,css}'",
      "precommit": "lint-staged",
    },
    "prettier": {
      "singleQuote": true
    },
    "repository": {
      "type": "git",
      "url": "git+https://github.com/albanx/cbot.git"
    },
    "author": "Alban Xhaferllari",
    "license": "MIT",
    "devDependencies": {
      "babel-cli": "^6.26.0",
      "babel-core": "^6.26.0",
      "babel-loader": "^7.1.2",
      "babel-preset-env": "^1.6.0",
      "babel-preset-stage-2": "^6.24.1",
      "lint-staged": "^4.1.3",
      "rimraf": "^2.6.2",
    },
    "dependencies": {
      "babel-polyfill": "^6.26.0",
      "babel-runtime": "^6.26.0",
      "express": "^4.15.4",
      "colors": "^1.1.2"
    },
    "lint-staged": {
      "*.{js,json,css}": ["prettier --write", "git add"]
    },
    "engines": {
      "node": "^8.3.0",
      "yarn": "^1.0.0"
    }
  }

yarn manifest: 
  No manifest

Lockfile: 
  No lockfile

Trace: 
  SyntaxError: /Users/alban/projects/alban/cbot/package.json: Unexpected token } in JSON at position 292
      at JSON.parse (<anonymous>)
      at /usr/local/Cellar/yarn/1.1.0/libexec/lib/cli.js:764:59
      at Generator.next (<anonymous>)
      at step (/usr/local/Cellar/yarn/1.1.0/libexec/lib/cli.js:92:30)
      at /usr/local/Cellar/yarn/1.1.0/libexec/lib/cli.js:103:13
      at <anonymous>
